<?xml version="1.0" encoding="UTF-8"?>
<!-- Generated by org.testng.reporters.JUnitReportReporter -->
<testsuite skipped="0" hostname="ondra-Inspiron-5547" name="TestResponseJSON" tests="2" failures="0" timestamp="04 Jul 2017 10:39:16 GMT" time="0.870" errors="0">
  <testcase name="testJSONValid" time="0.316" classname="TestResponseJSON"/>
  <testcase name="testJSONContainsAllSections" time="0.554" classname="TestResponseJSON"/>
</testsuite> <!-- TestResponseJSON -->
