<?xml version="1.0" encoding="UTF-8"?>
<!-- Generated by org.testng.reporters.JUnitReportReporter -->
<testsuite skipped="0" hostname="ondra-Inspiron-5547" name="TestResponseJSON" tests="2" failures="0" timestamp="03 Jul 2017 12:06:38 GMT" time="1.654" errors="0">
  <testcase name="testJSONContainsAllSections" time="1.361" classname="TestResponseJSON"/>
  <testcase name="testJSONValid" time="0.293" classname="TestResponseJSON"/>
</testsuite> <!-- TestResponseJSON -->
