<?xml version="1.0" encoding="UTF-8"?>
<!-- Generated by org.testng.reporters.JUnitReportReporter -->
<testsuite skipped="0" hostname="ondra-Inspiron-5547" name="TestParamApiKey" tests="4" failures="0" timestamp="03 Jul 2017 12:06:38 GMT" time="0.902" errors="0">
  <testcase name="TestWithNoKey" time="0.125" classname="TestParamApiKey"/>
  <testcase name="TestWithGeneratedKey" time="0.200" classname="TestParamApiKey"/>
  <testcase name="TestWithWrongKey" time="0.125" classname="TestParamApiKey"/>
  <testcase name="TestWithRightKey" time="0.452" classname="TestParamApiKey"/>
</testsuite> <!-- TestParamApiKey -->
