<?xml version="1.0" encoding="UTF-8"?>
<!-- Generated by org.testng.reporters.JUnitReportReporter -->
<testsuite skipped="0" hostname="ondra-Inspiron-5547" name="TestResponse" tests="3" failures="0" timestamp="29 Jun 2017 16:08:25 GMT" time="2.170" errors="0">
  <testcase name="testResponseLength20" time="1.540" classname="TestResponse"/>
  <testcase name="testResponseLengthNoParam" time="0.285" classname="TestResponse"/>
  <testcase name="testResponseLengthMax" time="0.345" classname="TestResponse"/>
</testsuite> <!-- TestResponse -->
