<?xml version="1.0" encoding="UTF-8"?>
<!-- Generated by org.testng.reporters.JUnitReportReporter -->
<testsuite skipped="0" hostname="ondra-Inspiron-5547" name="TestParamApiKey" tests="4" failures="0" timestamp="04 Jul 2017 10:39:16 GMT" time="0.929" errors="0">
  <testcase name="TestWithRightKey" time="0.449" classname="TestParamApiKey"/>
  <testcase name="TestWithNoKey" time="0.126" classname="TestParamApiKey"/>
  <testcase name="TestWithGeneratedKey" time="0.228" classname="TestParamApiKey"/>
  <testcase name="TestWithWrongKey" time="0.126" classname="TestParamApiKey"/>
</testsuite> <!-- TestParamApiKey -->
